Symlinking /home/xlqmu/ws/devel/lib/bluesea2/bluesea2_node_client
Symlinking /home/xlqmu/ws/devel/lib/bluesea2/bluesea2_node
Symlinking /home/xlqmu/ws/devel/lib/pkgconfig/bluesea2.pc
Symlinking /home/xlqmu/ws/devel/lib/python3/dist-packages/bluesea2/__init__.py
Symlinking /home/xlqmu/ws/devel/lib/python3/dist-packages/bluesea2/cfg/DynParamsConfig.py
Symlinking /home/xlqmu/ws/devel/lib/python3/dist-packages/bluesea2/cfg/__init__.py
Symlinking /home/xlqmu/ws/devel/lib/python3/dist-packages/bluesea2/srv/__init__.py
Symlinking /home/xlqmu/ws/devel/lib/python3/dist-packages/bluesea2/srv/_Control.py
Symlinking /home/xlqmu/ws/devel/lib/python3/dist-packages/bluesea2/srv/_DefenceZone.py
Symlinking /home/xlqmu/ws/devel/include/bluesea2/ControlResponse.h
Symlinking /home/xlqmu/ws/devel/include/bluesea2/DynParamsConfig.h
Symlinking /home/xlqmu/ws/devel/include/bluesea2/ControlRequest.h
Symlinking /home/xlqmu/ws/devel/include/bluesea2/Control.h
Symlinking /home/xlqmu/ws/devel/include/bluesea2/DefenceZoneRequest.h
Symlinking /home/xlqmu/ws/devel/include/bluesea2/DefenceZoneResponse.h
Symlinking /home/xlqmu/ws/devel/include/bluesea2/DefenceZone.h
Symlinking /home/xlqmu/ws/devel/share/roseus/ros/bluesea2/manifest.l
Symlinking /home/xlqmu/ws/devel/share/roseus/ros/bluesea2/srv/Control.l
Symlinking /home/xlqmu/ws/devel/share/roseus/ros/bluesea2/srv/DefenceZone.l
Symlinking /home/xlqmu/ws/devel/share/gennodejs/ros/bluesea2/_index.js
Symlinking /home/xlqmu/ws/devel/share/gennodejs/ros/bluesea2/srv/_index.js
Symlinking /home/xlqmu/ws/devel/share/gennodejs/ros/bluesea2/srv/Control.js
Symlinking /home/xlqmu/ws/devel/share/gennodejs/ros/bluesea2/srv/DefenceZone.js
Symlinking /home/xlqmu/ws/devel/share/bluesea2/cmake/bluesea2Config.cmake
Symlinking /home/xlqmu/ws/devel/share/bluesea2/cmake/bluesea2-msg-extras.cmake
Symlinking /home/xlqmu/ws/devel/share/bluesea2/cmake/bluesea2Config-version.cmake
Symlinking /home/xlqmu/ws/devel/share/bluesea2/cmake/bluesea2-msg-paths.cmake
Symlinking /home/xlqmu/ws/devel/share/bluesea2/docs/DynParamsConfig.dox
Symlinking /home/xlqmu/ws/devel/share/bluesea2/docs/DynParamsConfig-usage.dox
Symlinking /home/xlqmu/ws/devel/share/bluesea2/docs/DynParamsConfig.wikidoc
Symlinking /home/xlqmu/ws/devel/share/common-lisp/ros/bluesea2/srv/_package_Control.lisp
Symlinking /home/xlqmu/ws/devel/share/common-lisp/ros/bluesea2/srv/Control.lisp
Symlinking /home/xlqmu/ws/devel/share/common-lisp/ros/bluesea2/srv/_package_DefenceZone.lisp
Symlinking /home/xlqmu/ws/devel/share/common-lisp/ros/bluesea2/srv/_package.lisp
Symlinking /home/xlqmu/ws/devel/share/common-lisp/ros/bluesea2/srv/DefenceZone.lisp
Symlinking /home/xlqmu/ws/devel/share/common-lisp/ros/bluesea2/srv/bluesea2-srv.asd
