Linked: (/home/xlqmu/ws/devel/.private/bluesea2/lib/bluesea2/bluesea2_node_client, /home/xlqmu/ws/devel/lib/bluesea2/bluesea2_node_client)
Linked: (/home/xlqmu/ws/devel/.private/bluesea2/lib/bluesea2/bluesea2_node, /home/xlqmu/ws/devel/lib/bluesea2/bluesea2_node)
Linked: (/home/xlqmu/ws/devel/.private/bluesea2/lib/pkgconfig/bluesea2.pc, /home/xlqmu/ws/devel/lib/pkgconfig/bluesea2.pc)
Linked: (/home/xlqmu/ws/devel/.private/bluesea2/lib/python3/dist-packages/bluesea2/__init__.py, /home/xlqmu/ws/devel/lib/python3/dist-packages/bluesea2/__init__.py)
Linked: (/home/xlqmu/ws/devel/.private/bluesea2/lib/python3/dist-packages/bluesea2/cfg/DynParamsConfig.py, /home/xlqmu/ws/devel/lib/python3/dist-packages/bluesea2/cfg/DynParamsConfig.py)
Linked: (/home/xlqmu/ws/devel/.private/bluesea2/lib/python3/dist-packages/bluesea2/cfg/__init__.py, /home/xlqmu/ws/devel/lib/python3/dist-packages/bluesea2/cfg/__init__.py)
Linked: (/home/xlqmu/ws/devel/.private/bluesea2/lib/python3/dist-packages/bluesea2/srv/__init__.py, /home/xlqmu/ws/devel/lib/python3/dist-packages/bluesea2/srv/__init__.py)
Linked: (/home/xlqmu/ws/devel/.private/bluesea2/lib/python3/dist-packages/bluesea2/srv/_Control.py, /home/xlqmu/ws/devel/lib/python3/dist-packages/bluesea2/srv/_Control.py)
Linked: (/home/xlqmu/ws/devel/.private/bluesea2/lib/python3/dist-packages/bluesea2/srv/_DefenceZone.py, /home/xlqmu/ws/devel/lib/python3/dist-packages/bluesea2/srv/_DefenceZone.py)
Linked: (/home/xlqmu/ws/devel/.private/bluesea2/include/bluesea2/ControlResponse.h, /home/xlqmu/ws/devel/include/bluesea2/ControlResponse.h)
Linked: (/home/xlqmu/ws/devel/.private/bluesea2/include/bluesea2/DynParamsConfig.h, /home/xlqmu/ws/devel/include/bluesea2/DynParamsConfig.h)
Linked: (/home/xlqmu/ws/devel/.private/bluesea2/include/bluesea2/ControlRequest.h, /home/xlqmu/ws/devel/include/bluesea2/ControlRequest.h)
Linked: (/home/xlqmu/ws/devel/.private/bluesea2/include/bluesea2/Control.h, /home/xlqmu/ws/devel/include/bluesea2/Control.h)
Linked: (/home/xlqmu/ws/devel/.private/bluesea2/include/bluesea2/DefenceZoneRequest.h, /home/xlqmu/ws/devel/include/bluesea2/DefenceZoneRequest.h)
Linked: (/home/xlqmu/ws/devel/.private/bluesea2/include/bluesea2/DefenceZoneResponse.h, /home/xlqmu/ws/devel/include/bluesea2/DefenceZoneResponse.h)
Linked: (/home/xlqmu/ws/devel/.private/bluesea2/include/bluesea2/DefenceZone.h, /home/xlqmu/ws/devel/include/bluesea2/DefenceZone.h)
Linked: (/home/xlqmu/ws/devel/.private/bluesea2/share/roseus/ros/bluesea2/manifest.l, /home/xlqmu/ws/devel/share/roseus/ros/bluesea2/manifest.l)
Linked: (/home/xlqmu/ws/devel/.private/bluesea2/share/roseus/ros/bluesea2/srv/Control.l, /home/xlqmu/ws/devel/share/roseus/ros/bluesea2/srv/Control.l)
Linked: (/home/xlqmu/ws/devel/.private/bluesea2/share/roseus/ros/bluesea2/srv/DefenceZone.l, /home/xlqmu/ws/devel/share/roseus/ros/bluesea2/srv/DefenceZone.l)
Linked: (/home/xlqmu/ws/devel/.private/bluesea2/share/gennodejs/ros/bluesea2/_index.js, /home/xlqmu/ws/devel/share/gennodejs/ros/bluesea2/_index.js)
Linked: (/home/xlqmu/ws/devel/.private/bluesea2/share/gennodejs/ros/bluesea2/srv/_index.js, /home/xlqmu/ws/devel/share/gennodejs/ros/bluesea2/srv/_index.js)
Linked: (/home/xlqmu/ws/devel/.private/bluesea2/share/gennodejs/ros/bluesea2/srv/Control.js, /home/xlqmu/ws/devel/share/gennodejs/ros/bluesea2/srv/Control.js)
Linked: (/home/xlqmu/ws/devel/.private/bluesea2/share/gennodejs/ros/bluesea2/srv/DefenceZone.js, /home/xlqmu/ws/devel/share/gennodejs/ros/bluesea2/srv/DefenceZone.js)
Linked: (/home/xlqmu/ws/devel/.private/bluesea2/share/bluesea2/cmake/bluesea2Config.cmake, /home/xlqmu/ws/devel/share/bluesea2/cmake/bluesea2Config.cmake)
Linked: (/home/xlqmu/ws/devel/.private/bluesea2/share/bluesea2/cmake/bluesea2-msg-extras.cmake, /home/xlqmu/ws/devel/share/bluesea2/cmake/bluesea2-msg-extras.cmake)
Linked: (/home/xlqmu/ws/devel/.private/bluesea2/share/bluesea2/cmake/bluesea2Config-version.cmake, /home/xlqmu/ws/devel/share/bluesea2/cmake/bluesea2Config-version.cmake)
Linked: (/home/xlqmu/ws/devel/.private/bluesea2/share/bluesea2/cmake/bluesea2-msg-paths.cmake, /home/xlqmu/ws/devel/share/bluesea2/cmake/bluesea2-msg-paths.cmake)
Linked: (/home/xlqmu/ws/devel/.private/bluesea2/share/bluesea2/docs/DynParamsConfig.dox, /home/xlqmu/ws/devel/share/bluesea2/docs/DynParamsConfig.dox)
Linked: (/home/xlqmu/ws/devel/.private/bluesea2/share/bluesea2/docs/DynParamsConfig-usage.dox, /home/xlqmu/ws/devel/share/bluesea2/docs/DynParamsConfig-usage.dox)
Linked: (/home/xlqmu/ws/devel/.private/bluesea2/share/bluesea2/docs/DynParamsConfig.wikidoc, /home/xlqmu/ws/devel/share/bluesea2/docs/DynParamsConfig.wikidoc)
Linked: (/home/xlqmu/ws/devel/.private/bluesea2/share/common-lisp/ros/bluesea2/srv/_package_Control.lisp, /home/xlqmu/ws/devel/share/common-lisp/ros/bluesea2/srv/_package_Control.lisp)
Linked: (/home/xlqmu/ws/devel/.private/bluesea2/share/common-lisp/ros/bluesea2/srv/Control.lisp, /home/xlqmu/ws/devel/share/common-lisp/ros/bluesea2/srv/Control.lisp)
Linked: (/home/xlqmu/ws/devel/.private/bluesea2/share/common-lisp/ros/bluesea2/srv/_package_DefenceZone.lisp, /home/xlqmu/ws/devel/share/common-lisp/ros/bluesea2/srv/_package_DefenceZone.lisp)
Linked: (/home/xlqmu/ws/devel/.private/bluesea2/share/common-lisp/ros/bluesea2/srv/_package.lisp, /home/xlqmu/ws/devel/share/common-lisp/ros/bluesea2/srv/_package.lisp)
Linked: (/home/xlqmu/ws/devel/.private/bluesea2/share/common-lisp/ros/bluesea2/srv/DefenceZone.lisp, /home/xlqmu/ws/devel/share/common-lisp/ros/bluesea2/srv/DefenceZone.lisp)
Linked: (/home/xlqmu/ws/devel/.private/bluesea2/share/common-lisp/ros/bluesea2/srv/bluesea2-srv.asd, /home/xlqmu/ws/devel/share/common-lisp/ros/bluesea2/srv/bluesea2-srv.asd)
