[  0%] Built target rosgraph_msgs_generate_messages_nodejs
[  0%] Built target _bluesea2_generate_messages_check_deps_DefenceZone
[  0%] Built target _bluesea2_generate_messages_check_deps_Control
[  0%] Built target geometry_msgs_generate_messages_cpp
[  0%] Built target geometry_msgs_generate_messages_nodejs
[  0%] Built target geometry_msgs_generate_messages_lisp
[  0%] Built target geometry_msgs_generate_messages_py
[  0%] Built target sensor_msgs_generate_messages_py
[  0%] Built target sensor_msgs_generate_messages_nodejs
[  0%] Built target roscpp_generate_messages_nodejs
[  0%] Built target std_msgs_generate_messages_eus
[  0%] Built target rosgraph_msgs_generate_messages_cpp
[  0%] Built target std_msgs_generate_messages_cpp
[  0%] Built target sensor_msgs_generate_messages_lisp
[  0%] Built target dynamic_reconfigure_generate_messages_cpp
[  0%] Built target rosgraph_msgs_generate_messages_py
[  4%] Built target bluesea2_gencfg
[  4%] Built target dynamic_reconfigure_generate_messages_eus
[  4%] Built target dynamic_reconfigure_gencfg
[  4%] Built target dynamic_reconfigure_generate_messages_lisp
[  4%] Built target dynamic_reconfigure_generate_messages_py
[  4%] Built target roscpp_generate_messages_lisp
[  4%] Built target std_msgs_generate_messages_lisp
[  4%] Built target geometry_msgs_generate_messages_eus
[  4%] Built target std_msgs_generate_messages_nodejs
[  4%] Built target std_msgs_generate_messages_py
[  4%] Built target dynamic_reconfigure_generate_messages_nodejs
[  4%] Built target sensor_msgs_generate_messages_cpp
[  4%] Built target roscpp_generate_messages_eus
[  4%] Built target roscpp_generate_messages_py
[  4%] Built target roscpp_generate_messages_cpp
[  4%] Built target sensor_msgs_generate_messages_eus
[  4%] Built target rosgraph_msgs_generate_messages_eus
[  4%] Built target rosgraph_msgs_generate_messages_lisp
[ 13%] Built target bluesea2_generate_messages_nodejs
[ 26%] Built target bluesea2_generate_messages_py
[ 34%] Built target bluesea2_generate_messages_lisp
[ 47%] Built target bluesea2_generate_messages_eus
[ 56%] Built target bluesea2_generate_messages_cpp
[ 56%] Built target bluesea2_generate_messages
[ 65%] Built target bluesea2_node_client
[100%] Built target bluesea2_node
