[35m[1mScanning dependencies of target _nav_generate_messages_check_deps_ROSdata[0m
[  0%] Built target _nav_generate_messages_check_deps_ROSdata
[35m[1mScanning dependencies of target std_msgs_generate_messages_lisp[0m
[  0%] Built target std_msgs_generate_messages_lisp
[35m[1mScanning dependencies of target std_msgs_generate_messages_nodejs[0m
[  0%] Built target std_msgs_generate_messages_nodejs
[35m[1mScanning dependencies of target std_msgs_generate_messages_py[0m
[  0%] Built target std_msgs_generate_messages_py
[35m[1mScanning dependencies of target std_msgs_generate_messages_cpp[0m
[  0%] Built target std_msgs_generate_messages_cpp
[35m[1mScanning dependencies of target std_msgs_generate_messages_eus[0m
[  0%] Built target std_msgs_generate_messages_eus
[35m[1mScanning dependencies of target nav_generate_messages_lisp[0m
[ 14%] [34m[1mGenerating Lisp code from nav/ROSdata.msg[0m
[ 14%] Built target nav_generate_messages_lisp
[35m[1mScanning dependencies of target nav_generate_messages_nodejs[0m
[ 28%] [34m[1mGenerating Javascript code from nav/ROSdata.msg[0m
[ 28%] Built target nav_generate_messages_nodejs
[35m[1mScanning dependencies of target nav_generate_messages_py[0m
[ 42%] [34m[1mGenerating Python from MSG nav/ROSdata[0m
[ 57%] [34m[1mGenerating Python msg __init__.py for nav[0m
[ 57%] Built target nav_generate_messages_py
[35m[1mScanning dependencies of target nav_generate_messages_cpp[0m
[ 71%] [34m[1mGenerating C++ code from nav/ROSdata.msg[0m
[ 71%] Built target nav_generate_messages_cpp
[35m[1mScanning dependencies of target nav_generate_messages_eus[0m
[ 85%] [34m[1mGenerating EusLisp code from nav/ROSdata.msg[0m
[100%] [34m[1mGenerating EusLisp manifest code for nav[0m
[100%] Built target nav_generate_messages_eus
[35m[1mScanning dependencies of target nav_generate_messages[0m
[100%] Built target nav_generate_messages
