[01m[K/home/xlqmu/ws/src/RMUC24_real/sensor_interface/Delta-2D/Delta-2D/Delta_2D_ros/sdk/src/C3iroboticsLidar.cpp:[m[K In member function ‘[01m[Keverest::hwdrivers::TLidarGrabResult everest::hwdrivers::C3iroboticsLidar::combineScan(everest::hwdrivers::TToothScan&)[m[K’:
[01m[K/home/xlqmu/ws/src/RMUC24_real/sensor_interface/Delta-2D/Delta-2D/Delta_2D_ros/sdk/src/C3iroboticsLidar.cpp:212:67:[m[K [01;35m[Kwarning: [m[Kformat ‘[01m[K%d[m[K’ expects argument of type ‘[01m[Kint[m[K’, but argument 2 has type ‘[01m[Ksize_t[m[K’ {aka ‘[01m[Klong unsigned int[m[K’} [[01;35m[K-Wformat=[m[K]
  212 |                 printf("[C3iroboticsLidar] grab scan is time out [01;35m[K%d[m[K ms! Reset grab scan state, current is %5.2f, last is %5.2f! \n",
      |                                                                  [01;35m[K~^[m[K
      |                                                                   [01;35m[K|[m[K
      |                                                                   [01;35m[Kint[m[K
      |                                                                  [32m[K%ld[m[K
  213 |                           [32m[Km_params.scan_time_out_ms[m[K, tooth_scan.angle, m_last_scan_angle);
      |                           [32m[K~~~~~~~~~~~~~~~~~~~~~~~~~[m[K                
      |                                    [32m[K|[m[K
      |                                    [32m[Ksize_t {aka long unsigned int}[m[K
[01m[K/home/xlqmu/ws/src/RMUC24_real/sensor_interface/Delta-2D/Delta-2D/Delta_2D_ros/sdk/src/C3iroboticsLidar.cpp:[m[K In member function ‘[01m[Keverest::hwdrivers::TLidarGrabResult everest::hwdrivers::C3iroboticsLidar::analysisHealthInfo(everest::hwdrivers::CLidarPacket&)[m[K’:
[01m[K/home/xlqmu/ws/src/RMUC24_real/sensor_interface/Delta-2D/Delta-2D/Delta_2D_ros/sdk/src/C3iroboticsLidar.cpp:358:51:[m[K [01;35m[Kwarning: [m[Kformat ‘[01m[K%f[m[K’ expects argument of type ‘[01m[Kdouble[m[K’, but argument 2 has type ‘[01m[Kint[m[K’ [[01;35m[K-Wformat=[m[K]
  358 |     printf("[C3iroboticsLidar] Lidar error is [01;35m[K%5.5f[m[K!\n", [32m[Klidar_error[m[K );
      |                                               [01;35m[K~~~~^[m[K      [32m[K~~~~~~~~~~~[m[K
      |                                                   [01;35m[K|[m[K      [32m[K|[m[K
      |                                                   [01;35m[Kdouble[m[K [32m[Kint[m[K
      |                                               [32m[K%5.5d[m[K
[01m[K/home/xlqmu/ws/src/RMUC24_real/sensor_interface/Delta-2D/Delta-2D/Delta_2D_ros/src/node.cpp:[m[K In function ‘[01m[Kint main(int, char**)[m[K’:
[01m[K/home/xlqmu/ws/src/RMUC24_real/sensor_interface/Delta-2D/Delta-2D/Delta_2D_ros/src/node.cpp:159:46:[m[K [01;35m[Kwarning: [m[Kformat ‘[01m[K%u[m[K’ expects argument of type ‘[01m[Kunsigned int[m[K’, but argument 2 has type ‘[01m[Ksize_t[m[K’ {aka ‘[01m[Klong unsigned int[m[K’} [[01;35m[K-Wformat=[m[K]
  159 |                 printf("Receive Lidar count [01;35m[K%u[m[K!\n", [32m[Klidar_scan_size[m[K);
      |                                             [01;35m[K~^[m[K      [32m[K~~~~~~~~~~~~~~~[m[K
      |                                              [01;35m[K|[m[K      [32m[K|[m[K
      |                                              [01;35m[K|[m[K      [32m[Ksize_t {aka long unsigned int}[m[K
      |                                              [01;35m[Kunsigned int[m[K
      |                                             [32m[K%lu[m[K
